


ARM Macro Assembler    Page 1 


    1 00000000         ;ESTE PROGRAMA RESERVA MEMORIA CON LA INSTRUCCION SPACE
    2 00000000         
    3 00000000         ;*******************************************************
                       *
    4 00000000         ;*    AREA DE CODIGO       *
    5 00000000         ;*******************************************************
                       *
    6 00000000         
    7 00000000                 AREA             myCODE, CODE, READONLY
    8 00000000                 ENTRY
    9 00000000                 EXPORT           __main
   10 00000000         
   11 00000000         __main
   12 00000000 4804            LDR              R0,=A       ;carga la direecion
                                                             de memoria de A
   13 00000002 F04F 0144       MOV              R1,#0x44    ;Carga el numero 4 
                                                            al registro R1
   14 00000006 6001            STR              R1,[R0]     ;guarda el contenid
                                                            o del registro R1 a
                                                            l direccion apuntad
                                                            a por R0
   15 00000008         
   16 00000008 4803            LDR              R0,=C       ;carga la direecion
                                                             de memoria de C
   17 0000000A F04F 0150       MOV              R1,#0x50    ;Carga el numero 4 
                                                            al registro R1
   18 0000000E 6001            STR              R1,[R0]     ;guarda el contenid
                                                            o del registro R1 a
                                                            l direccion apuntad
                                                            a por R0
   19 00000010         
   20 00000010 E7FE    Stop    B                Stop        ;ciclo infinito
   21 00000012         
   22 00000012         ;*******************************************************
                       *
   23 00000012         ;*    AREA DE DATOS       *
   24 00000012         ;*******************************************************
                       *
   25 00000012 00 00 00000000 
              00000000         AREA             myDATA, DATA, READWRITE
   26 00000000         
   27 00000000 00 00 00 
              00       A       SPACE            4           ;reserva 4 bytes co
                                                            n la etiqueta A
   28 00000004 00 00 00 
              00       C       SPACE            4           ;reserva 4 bytes co
                                                            n la etiqueta C  
   29 00000008                 END                          ;FIN DEL PROGRAMA
Command Line: --debug --xref --diag_suppress=9931 --cpu=Cortex-M3 --apcs=interw
ork --depend=.\objects\main.d -o.\objects\main.o -I.\RTE\Device\STM32F103C8 -I.
\RTE\_Target_1 -I"C:\Users\Ronald Quino Bueno\AppData\Local\Arm\Packs\ARM\CMSIS
\5.7.0\CMSIS\Core\Include" -I"C:\Users\Ronald Quino Bueno\AppData\Local\Arm\Pac
ks\Keil\STM32F1xx_DFP\2.3.0\Device\Include" --predefine="__EVAL SETA 1" --prede
fine="__MICROLIB SETA 1" --predefine="__UVISION_VERSION SETA 529" --predefine="
_RTE_ SETA 1" --predefine="STM32F10X_MD SETA 1" --list=.\listings\main.lst main
.s



ARM Macro Assembler    Page 1 Alphabetic symbol ordering
Relocatable symbols

Stop 00000010

Symbol: Stop
   Definitions
      At line 20 in file main.s
   Uses
      At line 20 in file main.s
Comment: Stop used once
__main 00000000

Symbol: __main
   Definitions
      At line 11 in file main.s
   Uses
      At line 9 in file main.s
Comment: __main used once
myCODE 00000000

Symbol: myCODE
   Definitions
      At line 7 in file main.s
   Uses
      None
Comment: myCODE unused
3 symbols



ARM Macro Assembler    Page 1 Alphabetic symbol ordering
Relocatable symbols

A 00000000

Symbol: A
   Definitions
      At line 27 in file main.s
   Uses
      At line 12 in file main.s
Comment: A used once
C 00000004

Symbol: C
   Definitions
      At line 28 in file main.s
   Uses
      At line 16 in file main.s
Comment: C used once
myDATA 00000000

Symbol: myDATA
   Definitions
      At line 25 in file main.s
   Uses
      None
Comment: myDATA unused
3 symbols
343 symbols in table
