


ARM Macro Assembler    Page 1 


    1 00000000         ;ESTE PROGRAMA INSERTA UN VALOR A UN NUMERO ENTERO DE UN
                        ARRAY
    2 00000000         
    3 00000000                 AREA             myDATA,DATA,ALIGN=2
    4 00000000                 ALIGN
    5 00000000 00000001 
              00000002 
              00000004 
              00000005 
              00000007 a       DCD              1,2,4,5,7
    6 00000014         
    7 00000014         ;AREA DE CODIGO
    8 00000014                 AREA             insert_array,CODE,ALIGN=2
    9 00000000                 EXPORT           __main
   10 00000000                 ALIGN
   11 00000000                 ENTRY
   12 00000000         
   13 00000000         __main  PROC
   14 00000000 F04F 0003       MOV              R0,#3       ;primer argumento,E
                                                            LEMENTO A AGREGAR
   15 00000004 490B            LDR              R1,=a       ;SEGUNDO ARGUMENTO,
                                                            PUNTERO AL ARRAY
   16 00000006 00 00           ALIGN
   17 00000008 F04F 0205       MOV              R2,#5       ;TERCER ARGUMENTO, 
                                                            TAMAÑO
   18 0000000C         
   19 0000000C F7FF FFFE       BL               insert
   20 00000010 E7FE    stop    B                stop
   21 00000012                 ENDP
   22 00000012         ;SUBRUTINA
   23 00000012         insert  PROC
   24 00000012 B510            PUSH             {R4,LR}
   25 00000014 2A00    loop    CMP              R2,#0       ;verifica si tamaño
                                                            >0
   26 00000016 DD0A            BLE              done
   27 00000018 F1A2 0401       SUB              R4,R2,#1
   28 0000001C F851 4024       LDR              R4,[R1,R4,LSL #2] ;a[i-1]
   29 00000020 42A0            CMP              R0,R4
   30 00000022 DA04            BGE              done
   31 00000024 F841 4022       STR              R4,[R1,R2,LSL #2] ;a[i]
   32 00000028 F1A2 0201       SUB              R2,R2,#1
   33 0000002C E7F2            B                loop
   34 0000002E F841 0022 
                       done    STR              R0,[R1,R2,LSL #2] ;a[i]=V
   35 00000032 BD10            POP              {R4,PC}
   36 00000034         
   37 00000034                 ENDP
   38 00000034                 END
              00000000 
Command Line: --debug --xref --diag_suppress=9931 --cpu=Cortex-M4.fp.sp --apcs=
interwork --depend=.\objects\main.d -o.\objects\main.o -I.\RTE\_Target_1 -I"C:\
Users\Ronald Quino Bueno\AppData\Local\Arm\Packs\ARM\CMSIS\5.7.0\CMSIS\Core\Inc
lude" -I"C:\Users\Ronald Quino Bueno\AppData\Local\Arm\Packs\Keil\STM32F4xx_DFP
\2.14.0\Drivers\CMSIS\Device\ST\STM32F4xx\Include" --predefine="__EVAL SETA 1" 
--predefine="__UVISION_VERSION SETA 529" --predefine="_RTE_ SETA 1" --predefine
="STM32F407xx SETA 1" --list=.\listings\main.lst main.s



ARM Macro Assembler    Page 1 Alphabetic symbol ordering
Relocatable symbols

a 00000000

Symbol: a
   Definitions
      At line 5 in file main.s
   Uses
      At line 15 in file main.s
Comment: a used once
myDATA 00000000

Symbol: myDATA
   Definitions
      At line 3 in file main.s
   Uses
      None
Comment: myDATA unused
2 symbols



ARM Macro Assembler    Page 1 Alphabetic symbol ordering
Relocatable symbols

__main 00000000

Symbol: __main
   Definitions
      At line 13 in file main.s
   Uses
      At line 9 in file main.s
Comment: __main used once
done 0000002E

Symbol: done
   Definitions
      At line 34 in file main.s
   Uses
      At line 26 in file main.s
      At line 30 in file main.s

insert 00000012

Symbol: insert
   Definitions
      At line 23 in file main.s
   Uses
      At line 19 in file main.s
Comment: insert used once
insert_array 00000000

Symbol: insert_array
   Definitions
      At line 8 in file main.s
   Uses
      None
Comment: insert_array unused
loop 00000014

Symbol: loop
   Definitions
      At line 25 in file main.s
   Uses
      At line 33 in file main.s
Comment: loop used once
stop 00000010

Symbol: stop
   Definitions
      At line 20 in file main.s
   Uses
      At line 20 in file main.s
Comment: stop used once
6 symbols
345 symbols in table
