


ARM Macro Assembler    Page 1 


    1 00000000         ;ODD PARITY
    2 00000000         
    3 00000000                 AREA             myCODE,CODE,READONLY,ALIGN=2
    4 00000000                 EXPORT           __main
    5 00000000                 ENTRY
    6 00000000         
    7 00000000         __main  PROC
    8 00000000 200B            MOVS             R0,#11      ;NUMERO A CHEQUEAR
    9 00000002 2100            MOVS             R1,#0       ;PARIDAD
   10 00000004         
   11 00000004 B130    loop    CBZ              R0,stop     ;termina la ejecuci
                                                            on si es cero
   12 00000006 2900            CMP              R1,#0       ;compara r1 con 0
   13 00000008 BF0C 2101       MOVEQ            R1,#1       ;si r1 == 1
   14 0000000C 2200            MOVNE            R2,#0       ;si r1 !=0
   15 0000000E 1E42            SUBS             R2,R0,#1    ;(n-1)
   16 00000010 4010            ANDS             R0,R0,R2    ;n&(n-1)
   17 00000012 E7F7            B                loop
   18 00000014 E7FE    stop    B                stop
   19 00000016                 ENDP
   20 00000016                 END
Command Line: --debug --xref --diag_suppress=9931 --cpu=Cortex-M3 --apcs=interw
ork --depend=.\objects\main.d -o.\objects\main.o -I.\RTE\Device\STM32F103C8 -I.
\RTE\_Target_1 -I"C:\Users\Ronald Quino Bueno\AppData\Local\Arm\Packs\ARM\CMSIS
\5.7.0\CMSIS\Core\Include" -I"C:\Users\Ronald Quino Bueno\AppData\Local\Arm\Pac
ks\Keil\STM32F1xx_DFP\2.3.0\Device\Include" --predefine="__EVAL SETA 1" --prede
fine="__UVISION_VERSION SETA 529" --predefine="_RTE_ SETA 1" --predefine="STM32
F10X_MD SETA 1" --list=.\listings\main.lst main.s



ARM Macro Assembler    Page 1 Alphabetic symbol ordering
Relocatable symbols

__main 00000000

Symbol: __main
   Definitions
      At line 7 in file main.s
   Uses
      At line 4 in file main.s
Comment: __main used once
loop 00000004

Symbol: loop
   Definitions
      At line 11 in file main.s
   Uses
      At line 17 in file main.s
Comment: loop used once
myCODE 00000000

Symbol: myCODE
   Definitions
      At line 3 in file main.s
   Uses
      None
Comment: myCODE unused
stop 00000014

Symbol: stop
   Definitions
      At line 18 in file main.s
   Uses
      At line 11 in file main.s
      At line 18 in file main.s

4 symbols
338 symbols in table
