


ARM Macro Assembler    Page 1 


    1 00000000         ;ESTE PROGRAMA DETERMINA SI UN NUMERO DADO ES PERFECTO O
                        NO
    2 00000000         
    3 00000000                 AREA             myCODE,CODE,READONLY
    4 00000000                 EXPORT           __main
    5 00000000                 ENTRY
    6 00000000                 ALIGN
    7 00000000         __main  PROC
    8 00000000 F04F 011C       MOV              R1,#28      ;NUMERO A CHEQUEAR
    9 00000004 F04F 0200       MOV              R2,#0       ;SUMA = 0
   10 00000008         
   11 00000008 F04F 0301       MOV              R3,#1       ;INTERADOR I PARA E
                                                            L LOOP
   12 0000000C 428B    loop    CMP              R3,R1       ;COMPARA R3 CON R1
   13 0000000E D209            BHS              check       ;si sum i>=num, se 
                                                            del loop
   14 00000010 FBB1 F4F3       UDIV             R4,R1,R3    ;r4 = r1/r3
   15 00000014 FB03 1414       MLS              R4,R3,R4,R1 ;R4 = num-i*R4
   16 00000018 2C00            CMP              R4,#0
   17 0000001A BF08 18D2       ADDEQ            R2,R2,R3    ;sum +=i
   18 0000001E F103 0301       ADD              R3,R3,#1
   19 00000022 E7F3            B                loop
   20 00000024         
   21 00000024 428A    check   CMP              R2,R1       ;COMPARA LA SUMA CO
                                                            N  EL NUMERO
   22 00000026 BF0C 2001       MOVEQ            R0,#1
   23 0000002A 2000            MOVNE            R0,#0
   24 0000002C E7FE    stop    B                stop
   25 0000002E                 ENDP
   26 0000002E                 END
Command Line: --debug --xref --diag_suppress=9931 --cpu=Cortex-M3 --apcs=interw
ork --depend=.\objects\main.d -o.\objects\main.o -I.\RTE\Device\STM32F103C8 -I.
\RTE\_Target_1 -I"C:\Users\Ronald Quino Bueno\AppData\Local\Arm\Packs\ARM\CMSIS
\5.7.0\CMSIS\Core\Include" -I"C:\Users\Ronald Quino Bueno\AppData\Local\Arm\Pac
ks\Keil\STM32F1xx_DFP\2.3.0\Device\Include" --predefine="__EVAL SETA 1" --prede
fine="__UVISION_VERSION SETA 529" --predefine="_RTE_ SETA 1" --predefine="STM32
F10X_MD SETA 1" --list=.\listings\main.lst main.s



ARM Macro Assembler    Page 1 Alphabetic symbol ordering
Relocatable symbols

__main 00000000

Symbol: __main
   Definitions
      At line 7 in file main.s
   Uses
      At line 4 in file main.s
Comment: __main used once
check 00000024

Symbol: check
   Definitions
      At line 21 in file main.s
   Uses
      At line 13 in file main.s
Comment: check used once
loop 0000000C

Symbol: loop
   Definitions
      At line 12 in file main.s
   Uses
      At line 19 in file main.s
Comment: loop used once
myCODE 00000000

Symbol: myCODE
   Definitions
      At line 3 in file main.s
   Uses
      None
Comment: myCODE unused
stop 0000002C

Symbol: stop
   Definitions
      At line 24 in file main.s
   Uses
      At line 24 in file main.s
Comment: stop used once
5 symbols
339 symbols in table
