


ARM Macro Assembler    Page 1 


    1 00000000         ;ESTE PROGRAMA CUENTA LA CANTIDAD DE 1S QUE HAY UN CONJU
                       NTO DE 32 BITS
    2 00000000         
    3 00000000                 AREA             count_ones, CODE, READONLY
    4 00000000                 EXPORT           __main
    5 00000000                 ALIGN
    6 00000000                 ENTRY
    7 00000000         
    8 00000000         __main  PROC
    9 00000000         ; R0 = entrada = x
   10 00000000         ; R1 = numero de unos = contador
   11 00000000 F04F 30AA       LDR              R0,=0xAAAAAAAA
   12 00000004         ;R1 = R0>>31
   13 00000004 EA4F 71D0       MOV              R1,R0,LSR #31
   14 00000008         
   15 00000008         ; R0 = RO<<2 Y CAMBIA EL FLAG C
   16 00000008 0880    loop    MOVS             R0,R0,LSR #2
   17 0000000A         ;R1 = R1 + R0>>31 + CARRY
   18 0000000A EB41 71D0       ADC              R1,R1,R0,LSR #31
   19 0000000E D1FB            BNE              loop
   20 00000010 E7FE    stop    B                stop
   21 00000012                 ENDP
   22 00000012                 END
Command Line: --debug --xref --diag_suppress=9931 --cpu=Cortex-M3 --apcs=interw
ork --depend=.\objects\main.d -o.\objects\main.o -I.\RTE\Device\STM32F103C8 -I.
\RTE\_Target_1 -I"C:\Users\Ronald Quino Bueno\AppData\Local\Arm\Packs\ARM\CMSIS
\5.7.0\CMSIS\Core\Include" -I"C:\Users\Ronald Quino Bueno\AppData\Local\Arm\Pac
ks\Keil\STM32F1xx_DFP\2.3.0\Device\Include" --predefine="__EVAL SETA 1" --prede
fine="__UVISION_VERSION SETA 529" --predefine="_RTE_ SETA 1" --predefine="STM32
F10X_MD SETA 1" --list=.\listings\main.lst main.s



ARM Macro Assembler    Page 1 Alphabetic symbol ordering
Relocatable symbols

__main 00000000

Symbol: __main
   Definitions
      At line 8 in file main.s
   Uses
      At line 4 in file main.s
Comment: __main used once
count_ones 00000000

Symbol: count_ones
   Definitions
      At line 3 in file main.s
   Uses
      None
Comment: count_ones unused
loop 00000008

Symbol: loop
   Definitions
      At line 16 in file main.s
   Uses
      At line 19 in file main.s
Comment: loop used once
stop 00000010

Symbol: stop
   Definitions
      At line 20 in file main.s
   Uses
      At line 20 in file main.s
Comment: stop used once
4 symbols
338 symbols in table
