


ARM Macro Assembler    Page 1 


    1 00000000         ;este programa declara una variable local x
    2 00000000                 AREA             myDATA,DATA
    3 00000000                 ALIGN
    4 00000000 00000005 
                       x       DCD              5
    5 00000004         
    6 00000004                 AREA             myCODE,CODE
    7 00000000                 EXPORT           __main
    8 00000000                 ALIGN
    9 00000000                 ENTRY
   10 00000000         __main  PROC
   11 00000000 F7FF FFFE       BL               foo
   12 00000004 F7FF FFFE       BL               foo
   13 00000008 F7FF FFFE       BL               foo
   14 0000000C E7FE    stop    B                stop
   15 0000000E                 ENDP
   16 0000000E         
   17 0000000E         foo     PROC
   18 0000000E 4903            LDR              R1,=x
   19 00000010 6800            LDR              R0,[R0]
   20 00000012 F100 0001       ADD              R0,R0,#1
   21 00000016 6008            STR              R0,[R1]
   22 00000018 4770            BX               LR
   23 0000001A                 ENDP
   24 0000001A                 END
              00 00 00000000 
Command Line: --debug --xref --diag_suppress=9931 --cpu=Cortex-M3 --apcs=interw
ork --depend=.\objects\main.d -o.\objects\main.o -I.\RTE\Device\STM32F103C8 -I.
\RTE\_Target_1 -I"C:\Users\Ronald Quino Bueno\AppData\Local\Arm\Packs\ARM\CMSIS
\5.7.0\CMSIS\Core\Include" -I"C:\Users\Ronald Quino Bueno\AppData\Local\Arm\Pac
ks\Keil\STM32F1xx_DFP\2.3.0\Device\Include" --predefine="__EVAL SETA 1" --prede
fine="__MICROLIB SETA 1" --predefine="__UVISION_VERSION SETA 529" --predefine="
_RTE_ SETA 1" --predefine="STM32F10X_MD SETA 1" --list=.\listings\main.lst main
.s



ARM Macro Assembler    Page 1 Alphabetic symbol ordering
Relocatable symbols

myDATA 00000000

Symbol: myDATA
   Definitions
      At line 2 in file main.s
   Uses
      None
Comment: myDATA unused
x 00000000

Symbol: x
   Definitions
      At line 4 in file main.s
   Uses
      At line 18 in file main.s
Comment: x used once
2 symbols



ARM Macro Assembler    Page 1 Alphabetic symbol ordering
Relocatable symbols

__main 00000000

Symbol: __main
   Definitions
      At line 10 in file main.s
   Uses
      At line 7 in file main.s
Comment: __main used once
foo 0000000E

Symbol: foo
   Definitions
      At line 17 in file main.s
   Uses
      At line 11 in file main.s
      At line 12 in file main.s
      At line 13 in file main.s

myCODE 00000000

Symbol: myCODE
   Definitions
      At line 6 in file main.s
   Uses
      None
Comment: myCODE unused
stop 0000000C

Symbol: stop
   Definitions
      At line 14 in file main.s
   Uses
      At line 14 in file main.s
Comment: stop used once
4 symbols
343 symbols in table
