


ARM Macro Assembler    Page 1 


    1 00000000         ;RESOLVER LA SIGUIENTE ECUACION
    2 00000000         
    3 00000000         ; (A + 8B + 7C -27) /4
    4 00000000         ; Let A = 25, B =19, c=99
    5 00000000         
    6 00000000                 AREA             myCODE,CODE,READONLY
    7 00000000                 ENTRY
    8 00000000                 EXPORT           __main
    9 00000000         
   10 00000000         __main  PROC
   11 00000000 F04F 0019       MOV              R0,#25      ;A = 25
   12 00000004 F04F 0113       MOV              R1,#19      ;B = 19
   13 00000008 EB00 00C1       ADD              R0,R0,R1, LSL #3 
                                                            ;R0 = R0 + 8*R1
   14 0000000C F04F 0163       MOV              R1,#99      ;C = 99
   15 00000010 F04F 0207       MOV              R2,#7
   16 00000014 FB01 0002       MLA              R0,R1,r2,R0 ;R0 = R1*R2 + R0  
   17 00000018 F1A0 001B       SUB              R0,R0,#27   ;R0 = R0 - 27
   18 0000001C EA4F 00A0       ASR              R0,R0,#2    ;RO = R0 / 4
   19 00000020         
   20 00000020 E7FE    Stoop   B                Stoop
   21 00000022                 ENDP
   22 00000022                 END
Command Line: --debug --xref --diag_suppress=9931 --cpu=Cortex-M3 --apcs=interw
ork --depend=.\objects\main.d -o.\objects\main.o -I.\RTE\Device\STM32F103C8 -I.
\RTE\_APP -I"C:\Users\Ronald Quino Bueno\AppData\Local\Arm\Packs\ARM\CMSIS\5.7.
0\CMSIS\Core\Include" -I"C:\Users\Ronald Quino Bueno\AppData\Local\Arm\Packs\Ke
il\STM32F1xx_DFP\2.3.0\Device\Include" --predefine="__EVAL SETA 1" --predefine=
"__UVISION_VERSION SETA 529" --predefine="_RTE_ SETA 1" --predefine="STM32F10X_
MD SETA 1" --list=.\listings\main.lst main.s



ARM Macro Assembler    Page 1 Alphabetic symbol ordering
Relocatable symbols

Stoop 00000020

Symbol: Stoop
   Definitions
      At line 20 in file main.s
   Uses
      At line 20 in file main.s
Comment: Stoop used once
__main 00000000

Symbol: __main
   Definitions
      At line 10 in file main.s
   Uses
      At line 8 in file main.s
Comment: __main used once
myCODE 00000000

Symbol: myCODE
   Definitions
      At line 6 in file main.s
   Uses
      None
Comment: myCODE unused
3 symbols
337 symbols in table
