


ARM Macro Assembler    Page 1 


    1 00000000                 AREA             myCode, CODE, READONLY
    2 00000000                 ENTRY
    3 00000000                 EXPORT           __main
    4 00000000         
    5 00000000         __main  proc
    6 00000000 F04F 0010       LDR              R0,=0x10
    7 00000004 F04F 0104       MOV              R1,#0x4
    8 00000008 F04F 0200       MOV              R2,#0       ;contendra el valor
                                                             del cociente
    9 0000000C         
   10 0000000C 4288    AGAIN   CMP              R0,R1       ;se compara r0-r1
   11 0000000E D303            BLO              Stop        ;si r0<r1
   12 00000010 1A40            SUBS             R0,R0,R1    ;r0 = r0 - r1
   13 00000012 F102 0201       ADD              R2,R2,#1    ;r2 = r2 + 1
   14 00000016 E7F9            B                AGAIN       ;repite la ejecucio
                                                            n
   15 00000018         
   16 00000018         
   17 00000018 E7FE    Stop    B                Stop
   18 0000001A                 ENDP
   19 0000001A                 end
Command Line: --debug --xref --diag_suppress=9931 --cpu=Cortex-M3 --apcs=interw
ork --depend=.\objects\main.d -o.\objects\main.o -I.\RTE\Device\STM32F103C8 -I.
\RTE\_Target_1 -I"C:\Users\Ronald Quino Bueno\AppData\Local\Arm\Packs\ARM\CMSIS
\5.7.0\CMSIS\Core\Include" -I"C:\Users\Ronald Quino Bueno\AppData\Local\Arm\Pac
ks\Keil\STM32F1xx_DFP\2.3.0\Device\Include" --predefine="__EVAL SETA 1" --prede
fine="__UVISION_VERSION SETA 529" --predefine="_RTE_ SETA 1" --predefine="STM32
F10X_MD SETA 1" --list=.\listings\main.lst main.s



ARM Macro Assembler    Page 1 Alphabetic symbol ordering
Relocatable symbols

AGAIN 0000000C

Symbol: AGAIN
   Definitions
      At line 10 in file main.s
   Uses
      At line 14 in file main.s
Comment: AGAIN used once
Stop 00000018

Symbol: Stop
   Definitions
      At line 17 in file main.s
   Uses
      At line 11 in file main.s
      At line 17 in file main.s

__main 00000000

Symbol: __main
   Definitions
      At line 5 in file main.s
   Uses
      At line 3 in file main.s
Comment: __main used once
myCode 00000000

Symbol: myCode
   Definitions
      At line 1 in file main.s
   Uses
      None
Comment: myCode unused
4 symbols
338 symbols in table
