


ARM Macro Assembler    Page 1 


    1 00000000                 AREA             procducto,CODE
    2 00000000                 EXPORT           product
    3 00000000                 ENTRY
    4 00000000         product PROC
    5 00000000 FB00 F001       MUL              R0,R0,R1
    6 00000004 4770            BX               LR
    7 00000006                 ENDP
    8 00000006                 END
Command Line: --debug --xref --diag_suppress=9931 --cpu=Cortex-M4.fp.sp --apcs=
interwork --depend=.\objects\product.d -o.\objects\product.o -I.\RTE\_Target_1 
-I"C:\Users\Ronald Quino Bueno\AppData\Local\Arm\Packs\ARM\CMSIS\5.7.0\CMSIS\Co
re\Include" -I"C:\Users\Ronald Quino Bueno\AppData\Local\Arm\Packs\Keil\STM32F4
xx_DFP\2.14.0\Drivers\CMSIS\Device\ST\STM32F4xx\Include" --predefine="__EVAL SE
TA 1" --predefine="__UVISION_VERSION SETA 529" --predefine="_RTE_ SETA 1" --pre
define="STM32F407xx SETA 1" --list=.\listings\product.lst product.s



ARM Macro Assembler    Page 1 Alphabetic symbol ordering
Relocatable symbols

procducto 00000000

Symbol: procducto
   Definitions
      At line 1 in file product.s
   Uses
      None
Comment: procducto unused
product 00000000

Symbol: product
   Definitions
      At line 4 in file product.s
   Uses
      At line 2 in file product.s
Comment: product used once
2 symbols
337 symbols in table
