


ARM Macro Assembler    Page 1 


    1 00000000         ;ESTE PROGRAMA IMPLEMENTE UNA BUSQUETA BINARIA EN UNA AR
                       RAY
    2 00000000         ;EL ARRAY TIENE QUE ESTAR ORDENADO DE MANERA ASCENDENTE
    3 00000000         
    4 00000000         ;AREA DE DATOS
    5 00000000                 AREA             myDATA,DATA,READONLY,ALIGN=2
    6 00000000 0000000B 
              0000000C 
              0000000D 
              0000000E 
              0000000F 
              00000010 array   DCD              11,12,13,14,15,16
    7 00000018 00000006 
                       size    DCD              6
    8 0000001C         
    9 0000001C         ;AREA DE CODIGO
   10 0000001C                 AREA             myCODE,CODE,READONLY,ALIGN=2
   11 00000000                 EXPORT           __main
   12 00000000                 ENTRY
   13 00000000         __main  PROC
   14 00000000 230E            MOVS             R3,#14      ;NUMERO QUE SE VA B
                                                            USCAR EN EL ARRAY
   15 00000002 F05F 35FF       MOVS             R5,#-1      ;LOCACION
   16 00000006 F8DF C030       LDR              R12,=array
   17 0000000A 00 00           ALIGN
   18 0000000C 2100            MOVS             R1,#0       ;R1 = LEFT
   19 0000000E         
   20 0000000E 4A0B            LDR              R2,=size
   21 00000010                 ALIGN
   22 00000010 6812            LDR              R2,[R2]     ;LE LEE EL TAMAÑO D
                                                            EL ARRAY
   23 00000012 F1A2 0201       SUB              R2,R2,#1    ;R2 = RIGHT
   24 00000016         
   25 00000016 EB01 0002 
                       loop    ADD              R0,R1,R2    ;R0 = LEFT + RIGHT
   26 0000001A EA4F 0050       LSR              R0,R0, #1
   27 0000001E F85C 4020       LDR              R4,[R12,R0,LSL #2] 
                                                            ;ARRAY MIDDLE
   28 00000022         
   29 00000022 429C            CMP              R4,R3
   30 00000024 BFC8 1E42       SUBGT            R2,R0,#1    ;RIGHT = MIDDLE - 1
                                                            
   31 00000028 BFB8 1C41       ADDLT            R1,R0,#1    ;LEFT = MIDDLE + 1
   32 0000002C D001            BEQ              found
   33 0000002E         
   34 0000002E 4291            CMP              R1,R2       ;COMPARA LEFT Y RIG
                                                            HT
   35 00000030 DDF1            BLE              loop
   36 00000032 BF08 4605 
                       found   MOVEQ            R5,R0
   37 00000036         
   38 00000036 E7FE    stop    B                stop
   39 00000038         
   40 00000038                 ENDP
   41 00000038                 END
              00000000 
              00000000 
Command Line: --debug --xref --diag_suppress=9931 --cpu=Cortex-M3 --apcs=interw
ork --depend=.\objects\main.d -o.\objects\main.o -I.\RTE\Device\STM32F103C8 -I.



ARM Macro Assembler    Page 2 


\RTE\_Target_1 -I"C:\Users\Ronald Quino Bueno\AppData\Local\Arm\Packs\ARM\CMSIS
\5.7.0\CMSIS\Core\Include" -I"C:\Users\Ronald Quino Bueno\AppData\Local\Arm\Pac
ks\Keil\STM32F1xx_DFP\2.3.0\Device\Include" --predefine="__EVAL SETA 1" --prede
fine="__UVISION_VERSION SETA 529" --predefine="_RTE_ SETA 1" --predefine="STM32
F10X_MD SETA 1" --list=.\listings\main.lst main.s



ARM Macro Assembler    Page 1 Alphabetic symbol ordering
Relocatable symbols

array 00000000

Symbol: array
   Definitions
      At line 6 in file main.s
   Uses
      At line 16 in file main.s
Comment: array used once
myDATA 00000000

Symbol: myDATA
   Definitions
      At line 5 in file main.s
   Uses
      None
Comment: myDATA unused
size 00000018

Symbol: size
   Definitions
      At line 7 in file main.s
   Uses
      At line 20 in file main.s
Comment: size used once
3 symbols



ARM Macro Assembler    Page 1 Alphabetic symbol ordering
Relocatable symbols

__main 00000000

Symbol: __main
   Definitions
      At line 13 in file main.s
   Uses
      At line 11 in file main.s
Comment: __main used once
found 00000032

Symbol: found
   Definitions
      At line 36 in file main.s
   Uses
      At line 32 in file main.s
Comment: found used once
loop 00000016

Symbol: loop
   Definitions
      At line 25 in file main.s
   Uses
      At line 35 in file main.s
Comment: loop used once
myCODE 00000000

Symbol: myCODE
   Definitions
      At line 10 in file main.s
   Uses
      None
Comment: myCODE unused
stop 00000036

Symbol: stop
   Definitions
      At line 38 in file main.s
   Uses
      At line 38 in file main.s
Comment: stop used once
5 symbols
344 symbols in table
