


ARM Macro Assembler    Page 1 


    1 00000000         
    2 00000000         
    3 00000000                 AREA             count,CODE
    4 00000000                 IMPORT           counter
    5 00000000                 ALIGN
    6 00000000         
    7 00000000         ;DEFINICION DE FUNCIONES
    8 00000000         setValue
                               PROC
    9 00000000                 EXPORT           setValue
   10 00000000 4905            LDR              R1,=counter ;SE LEE LA DIRECCIO
                                                            N DE LA VARIABLE
   11 00000002 6008            STR              R0,[R1]     ;SE ALMACENA EL VAL
                                                            OR PASADO A R0
   12 00000004 4770            BX               LR          ;SE RETORNA DE LA F
                                                            UNCION
   13 00000006                 ENDP
   14 00000006         
   15 00000006         getValue
                               PROC
   16 00000006                 EXPORT           getValue
   17 00000006 4904            LDR              R1,=counter
   18 00000008 6808            LDR              R0,[R1]
   19 0000000A 4770            BX               LR
   20 0000000C                 ENDP
   21 0000000C         
   22 0000000C         increment
                               PROC
   23 0000000C                 EXPORT           increment
   24 0000000C 4902            LDR              R1,=counter
   25 0000000E 6808            LDR              R0,[R1]     ;R0->COUTNER
   26 00000010 F100 0001       ADD              R0,R0,#1
   27 00000014 6008            STR              R0,[R1]
   28 00000016 4770            BX               LR
   29 00000018                 ENDP
   30 00000018                 END
              00000000 
Command Line: --debug --xref --diag_suppress=9931 --cpu=Cortex-M3 --apcs=interw
ork --depend=.\objects\count.d -o.\objects\count.o -I.\RTE\Device\STM32F103C8 -
I.\RTE\_Target_1 -I"C:\Users\Ronald Quino Bueno\AppData\Local\Arm\Packs\ARM\CMS
IS\5.7.0\CMSIS\Core\Include" -I"C:\Users\Ronald Quino Bueno\AppData\Local\Arm\P
acks\Keil\STM32F1xx_DFP\2.3.0\Device\Include" --predefine="__EVAL SETA 1" --pre
define="__UVISION_VERSION SETA 529" --predefine="_RTE_ SETA 1" --predefine="STM
32F10X_MD SETA 1" --list=.\listings\count.lst count.s



ARM Macro Assembler    Page 1 Alphabetic symbol ordering
Relocatable symbols

count 00000000

Symbol: count
   Definitions
      At line 3 in file count.s
   Uses
      None
Comment: count unused
getValue 00000006

Symbol: getValue
   Definitions
      At line 15 in file count.s
   Uses
      At line 16 in file count.s
Comment: getValue used once
increment 0000000C

Symbol: increment
   Definitions
      At line 22 in file count.s
   Uses
      At line 23 in file count.s
Comment: increment used once
setValue 00000000

Symbol: setValue
   Definitions
      At line 8 in file count.s
   Uses
      At line 9 in file count.s
Comment: setValue used once
4 symbols



ARM Macro Assembler    Page 1 Alphabetic symbol ordering
External symbols

counter 00000000

Symbol: counter
   Definitions
      At line 4 in file count.s
   Uses
      At line 10 in file count.s
      At line 17 in file count.s
      At line 24 in file count.s

1 symbol
341 symbols in table
