


ARM Macro Assembler    Page 1 


    1 00000000         ;este programa compara dos cadenas
    2 00000000         
    3 00000000         ;AREA DE DATOS
    4 00000000                 AREA             myDATA,DATA,READWRITE,ALIGN=2
    5 00000000         
    6 00000000 73 74 6D 
              33 32 00 str1    DCB              "stm32",0
    7 00000006 73 74 6D 
              33 32 00 str2    DCB              "stm32",0
    8 0000000C 00 00   result  DCW              0
    9 0000000E         
   10 0000000E         ;AREA DE CODIGO
   11 0000000E                 AREA             my_strcmp,CODE,CODE
   12 00000000                 EXPORT           __main
   13 00000000                 ALIGN
   14 00000000                 ENTRY
   15 00000000         __main  PROC
   16 00000000 4808            LDR              R0,=str1
   17 00000002 4909            LDR              R1,=str2
   18 00000004 F7FF FFFE       BL               strcmp
   19 00000008         
   20 00000008 4908            LDR              R1,=result
   21 0000000A 00 00           ALIGN
   22 0000000C 6001            STR              R1,[R0]
   23 0000000E E7FE    stop    B                stop
   24 00000010                 ENDP
   25 00000010         
   26 00000010         ;FUNCION QUE COMPARA LOS STRING
   27 00000010         strcmp  PROC
   28 00000010         ;R0 = s , R1 = t
   29 00000010 F810 2B01       LDRB             R2,[R0],#1  ;post-index
   30 00000014 F811 3B01       LDRB             R3,[R1],#1  ;post-index
   31 00000018 B10A    loop    CBZ              R2,exit
   32 0000001A 429A            CMP              R2,R3
   33 0000001C D0FC            BEQ              loop
   34 0000001E         
   35 0000001E EBA2 0003 
                       exit    SUB              R0,R2,R3    ;R0 = *S-*T
   36 00000022 4770            BX               LR          ;retorna R0
   37 00000024                 ENDP
   38 00000024         
   39 00000024                 END
              00000000 
              00000000 
              00000000 
Command Line: --debug --xref --diag_suppress=9931 --cpu=Cortex-M4.fp.sp --apcs=
interwork --depend=.\objects\main.d -o.\objects\main.o -I.\RTE\_Target_1 -I"C:\
Users\Ronald Quino Bueno\AppData\Local\Arm\Packs\ARM\CMSIS\5.7.0\CMSIS\Core\Inc
lude" -I"C:\Users\Ronald Quino Bueno\AppData\Local\Arm\Packs\Keil\STM32F4xx_DFP
\2.14.0\Drivers\CMSIS\Device\ST\STM32F4xx\Include" --predefine="__EVAL SETA 1" 
--predefine="__UVISION_VERSION SETA 529" --predefine="_RTE_ SETA 1" --predefine
="STM32F407xx SETA 1" --list=.\listings\main.lst main.s



ARM Macro Assembler    Page 1 Alphabetic symbol ordering
Relocatable symbols

myDATA 00000000

Symbol: myDATA
   Definitions
      At line 4 in file main.s
   Uses
      None
Comment: myDATA unused
result 0000000C

Symbol: result
   Definitions
      At line 8 in file main.s
   Uses
      At line 20 in file main.s
Comment: result used once
str1 00000000

Symbol: str1
   Definitions
      At line 6 in file main.s
   Uses
      At line 16 in file main.s
Comment: str1 used once
str2 00000006

Symbol: str2
   Definitions
      At line 7 in file main.s
   Uses
      At line 17 in file main.s
Comment: str2 used once
4 symbols



ARM Macro Assembler    Page 1 Alphabetic symbol ordering
Relocatable symbols

__main 00000000

Symbol: __main
   Definitions
      At line 15 in file main.s
   Uses
      At line 12 in file main.s
Comment: __main used once
exit 0000001E

Symbol: exit
   Definitions
      At line 35 in file main.s
   Uses
      At line 31 in file main.s
Comment: exit used once
loop 00000018

Symbol: loop
   Definitions
      At line 31 in file main.s
   Uses
      At line 33 in file main.s
Comment: loop used once
my_strcmp 00000000

Symbol: my_strcmp
   Definitions
      At line 11 in file main.s
   Uses
      None
Comment: my_strcmp unused
stop 0000000E

Symbol: stop
   Definitions
      At line 23 in file main.s
   Uses
      At line 23 in file main.s
Comment: stop used once
strcmp 00000010

Symbol: strcmp
   Definitions
      At line 27 in file main.s
   Uses
      At line 18 in file main.s
Comment: strcmp used once
6 symbols
347 symbols in table
