


ARM Macro Assembler    Page 1 


    1 00000000         ;ESTE PROGRAMA CALCULA EL FACTURIAL DE UN NUMERO N POSIT
                       IVO
    2 00000000         
    3 00000000                 AREA             factorial,CODE,READONLY
    4 00000000                 EXPORT           __main
    5 00000000                 ENTRY
    6 00000000         __main  PROC
    7 00000000 F04F 0001       MOV              R0,#1       ; R0 = 1, RESULTADO
                                                            
    8 00000004 F04F 0105       MOV              R1,#5       ; n = 5
    9 00000008 F04F 0201       MOV              R2,#1       ; R2 = i = 1
   10 0000000C         ;SE INICIAN CON EL BUCLE
   11 0000000C 428A    loop    CMP              R2,R1
   12 0000000E DC04            BGT              stop
   13 00000010 FB00 F002       MUL              R0,R0,R2    ; RESULTADO *=i
   14 00000014 F102 0201       ADD              R2,R2,#1    ; i++
   15 00000018 E7F8            B                loop
   16 0000001A E7FE    stop    B                stop
   17 0000001C         
   18 0000001C                 ENDP
   19 0000001C                 END
Command Line: --debug --xref --diag_suppress=9931 --cpu=Cortex-M3 --apcs=interw
ork --depend=.\objects\main.d -o.\objects\main.o -I.\RTE\Device\STM32F103C8 -I.
\RTE\_STM32F103 -I"C:\Users\Ronald Quino Bueno\AppData\Local\Arm\Packs\ARM\CMSI
S\5.7.0\CMSIS\Core\Include" -I"C:\Users\Ronald Quino Bueno\AppData\Local\Arm\Pa
cks\Keil\STM32F1xx_DFP\2.3.0\Device\Include" --predefine="__EVAL SETA 1" --pred
efine="__UVISION_VERSION SETA 529" --predefine="_RTE_ SETA 1" --predefine="STM3
2F10X_MD SETA 1" --list=.\listings\main.lst main.s



ARM Macro Assembler    Page 1 Alphabetic symbol ordering
Relocatable symbols

__main 00000000

Symbol: __main
   Definitions
      At line 6 in file main.s
   Uses
      At line 4 in file main.s
Comment: __main used once
factorial 00000000

Symbol: factorial
   Definitions
      At line 3 in file main.s
   Uses
      None
Comment: factorial unused
loop 0000000C

Symbol: loop
   Definitions
      At line 11 in file main.s
   Uses
      At line 15 in file main.s
Comment: loop used once
stop 0000001A

Symbol: stop
   Definitions
      At line 16 in file main.s
   Uses
      At line 12 in file main.s
      At line 16 in file main.s

4 symbols
338 symbols in table
