


ARM Macro Assembler    Page 1 


    1 00000000         
    2 00000000         
    3 00000000                 AREA             stringLen,CODE,READONLY
    4 00000000                 EXPORT           strLen      ;hace que el strLen
                                                             sea visible para e
                                                            l linker
    5 00000000                 ALIGN
    6 00000000         strLen  PROC
    7 00000000 B510            PUSH             {R4,LR}
    8 00000002 F04F 0400       MOV              R4,#0       ;SE INICIALIZA EL T
                                                            AMAÑO
    9 00000006 5D01    loop    LDRB             R1,[R0,R4]  ;R0->PUNTERO
   10 00000008 B111            CBZ              R1,exit     ;SI SE LLEGA AL FIN
                                                            AL DE LA CADENA
   11 0000000A F104 0401       ADD              R4,R4,#1    ;R4 = R4 + 1
   12 0000000E E7FA            B                loop
   13 00000010 4620    exit    MOV              R0,R4       ;SE ASIGNA  EL VALO
                                                            R DE RETORNO
   14 00000012 BD10            POP              {R4,PC}     ;se retorna  
   15 00000014                 ENDP
   16 00000014                 END
Command Line: --debug --xref --diag_suppress=9931 --cpu=Cortex-M3 --apcs=interw
ork --depend=.\objects\strlen.d -o.\objects\strlen.o -I.\RTE\Device\STM32F103C8
 -I.\RTE\_Target_1 -I"C:\Users\Ronald Quino Bueno\AppData\Local\Arm\Packs\ARM\C
MSIS\5.7.0\CMSIS\Core\Include" -I"C:\Users\Ronald Quino Bueno\AppData\Local\Arm
\Packs\Keil\STM32F1xx_DFP\2.3.0\Device\Include" --predefine="__EVAL SETA 1" --p
redefine="__UVISION_VERSION SETA 529" --predefine="_RTE_ SETA 1" --predefine="S
TM32F10X_MD SETA 1" --list=.\listings\strlen.lst strLen.s



ARM Macro Assembler    Page 1 Alphabetic symbol ordering
Relocatable symbols

exit 00000010

Symbol: exit
   Definitions
      At line 13 in file strLen.s
   Uses
      At line 10 in file strLen.s
Comment: exit used once
loop 00000006

Symbol: loop
   Definitions
      At line 9 in file strLen.s
   Uses
      At line 12 in file strLen.s
Comment: loop used once
strLen 00000000

Symbol: strLen
   Definitions
      At line 6 in file strLen.s
   Uses
      At line 4 in file strLen.s
Comment: strLen used once
stringLen 00000000

Symbol: stringLen
   Definitions
      At line 3 in file strLen.s
   Uses
      None
Comment: stringLen unused
4 symbols
338 symbols in table
