


ARM Macro Assembler    Page 1 


    1 00000000         ;ESTE POGRAMA CALCULA EL NUMERO MAYOR A PARTIR DE UNA LI
                       STA DE NUMEROS
    2 00000000         ;RENOMBRANDO ALGUNOS REGISTROS
    3 00000000        0 
                       COUNT   RN               R0
    4 00000000        1 
                       MAX     RN               R1
    5 00000000        2 
                       POINTER RN               R2
    6 00000000        3 
                       NEXT    RN               R3
    7 00000000         
    8 00000000         ;AREA DE DATOS
    9 00000000                 AREA             myDATA,DATA,READONLY
   10 00000000 00000045 
              00000043 
              00000020 
              00000017 
              00000058 MYDATA  DCD              69,67,32,23,88
   11 00000014         
   12 00000014         ;AREA DE DATOS
   13 00000014                 AREA             myCODE, CODE, READONLY
   14 00000000                 ENTRY
   15 00000000                 EXPORT           __main
   16 00000000         
   17 00000000         __main  PROC
   18 00000000 F04F 0005       MOV              COUNT,#5    ;ASIGNAMOS 5 AL CON
                                                            TADOR
   19 00000004 F04F 0100       MOV              MAX,#0      ;ASIGNAMOS 0 AL VAL
                                                            OR MAXIMO
   20 00000008 4A04            LDR              POINTER,=MYDATA ;INICIAMOS EL P
                                                            UNTERO
   21 0000000A         
   22 0000000A 6813    AGAIN   LDR              NEXT,[POINTER] ;NEXT = contenid
                                                            o de MYDATA
   23 0000000C 4299            CMP              MAX,NEXT    ;MAX-NEXT ;COMPARA
   24 0000000E D200            BHS              CTNU        ;MAX>NEXT
   25 00000010 4619            MOV              MAX,NEXT    ;MAXT = NEXT->NUMER
                                                            O MAYOR
   26 00000012         
   27 00000012         
   28 00000012 F102 0204 
                       CTNU    ADD              POINTER,POINTER,#4 ;AUMENTA EN 
                                                            4 EL PUNTERO
   29 00000016 1E40            SUBS             COUNT,COUNT,#1 
                                                            ;COUNT = COUNT + 1
   30 00000018 D1F7            BNE              AGAIN       ;COUNT !=0 SI DIFER
                                                            ENTE DE CERO SE REP
                                                            ITE LA SECUENCIA
   31 0000001A         
   32 0000001A E7FE    Stoop   B                Stoop
   33 0000001C                 ENDP
   34 0000001C                 END
              00000000 
Command Line: --debug --xref --diag_suppress=9931 --cpu=Cortex-M3 --apcs=interw
ork --depend=.\objects\main.d -o.\objects\main.o -I.\RTE\Device\STM32F103C8 -I.
\RTE\_Target_1 -I"C:\Users\Ronald Quino Bueno\AppData\Local\Arm\Packs\ARM\CMSIS
\5.7.0\CMSIS\Core\Include" -I"C:\Users\Ronald Quino Bueno\AppData\Local\Arm\Pac
ks\Keil\STM32F1xx_DFP\2.3.0\Device\Include" --predefine="__EVAL SETA 1" --prede



ARM Macro Assembler    Page 2 


fine="__UVISION_VERSION SETA 529" --predefine="_RTE_ SETA 1" --predefine="STM32
F10X_MD SETA 1" --list=.\listings\main.lst main.s



ARM Macro Assembler    Page 1 Alphabetic symbol ordering
Relocatable symbols

MYDATA 00000000

Symbol: MYDATA
   Definitions
      At line 10 in file main.s
   Uses
      At line 20 in file main.s
Comment: MYDATA used once
myDATA 00000000

Symbol: myDATA
   Definitions
      At line 9 in file main.s
   Uses
      None
Comment: myDATA unused
2 symbols



ARM Macro Assembler    Page 1 Alphabetic symbol ordering
Relocatable symbols

AGAIN 0000000A

Symbol: AGAIN
   Definitions
      At line 22 in file main.s
   Uses
      At line 30 in file main.s
Comment: AGAIN used once
CTNU 00000012

Symbol: CTNU
   Definitions
      At line 28 in file main.s
   Uses
      At line 24 in file main.s
Comment: CTNU used once
Stoop 0000001A

Symbol: Stoop
   Definitions
      At line 32 in file main.s
   Uses
      At line 32 in file main.s
Comment: Stoop used once
__main 00000000

Symbol: __main
   Definitions
      At line 17 in file main.s
   Uses
      At line 15 in file main.s
Comment: __main used once
myCODE 00000000

Symbol: myCODE
   Definitions
      At line 13 in file main.s
   Uses
      None
Comment: myCODE unused
5 symbols
347 symbols in table
